Array
(
    [moveFrom] => 2
    [moveTo] => 3
)
Array
(
    [moveFrom] => 3
    [moveTo] => 2
)
Array
(
    [moveFrom] => 2
    [moveTo] => 1
)
Array
(
    [moveFrom] => 1
    [moveTo] => 2
)
Array
(
    [moveFrom] => 2
    [moveTo] => 3
)
Array
(
    [moveFrom] => 3
    [moveTo] => 2
)
moveFrom1moveTo2moveFrom2moveTo3moveFrom1moveTo2moveFrom2moveTo3moveFrom3moveTo2moveFrom2
moveTo3
moveFrom3
moveTo2
moveFrom1
moveTo2
moveFrom2
moveTo3
moveFrom3
moveTo2
moveFrom2
moveTo1
moveFrom1
moveTo2
moveFrom2
moveTo3
moveFrom1
moveTo2
printf '%s
' 2m1 1-m2- w q | ed -s .listing.txt
moveFrom2
moveTo3
printf '%s
' 2m1 1-m2- w q | ed -s .listing.txt
moveFrom1
moveTo2
printf '%s\n' 2m1 1-m2- w q | ed -s .listing.txt
moveFrom2
moveTo3
printf '%s\n' 2m1 1-m2- w q | ed -s .listing.txt
pathhttp://localhost/index.php?dir=%22/pics/Wallis%22&file=
moveFrom1
moveTo2
printf '%s\n' 2m1 1-m2- w q | ed -s .listing.txt
pathhttp://localhost/index.php?dir=%22/pics/Wallis%22&file=
moveFrom2
moveTo1
printf '%s\n' 2m1 1-m2- w q | ed -s .listing.txt
pathhttp://localhost/index.php?dir=%22/pics/Wallis%22&file=
moveFrom1
moveTo2
printf '%s\n' 2m1 1-m2- w q | ed -s .listing.txt
pathhttp://localhost/index.php?dir=%22/pics/Wallis%22&file=
moveFrom2
moveTo3
printf '%s\n' 2m1 1-m2- w q | ed -s .listing.txt
pathhttp://localhost/index.php?dir=%22/pics/Wallis%22&file=
moveFrom3
moveTo4
printf '%s\n' 2m1 1-m2- w q | ed -s .listing.txt
pathhttp://localhost/index.php?dir=%22/pics/Wallis%22&file=
moveFrom4
moveTo5
printf '%s\n' 2m1 1-m2- w q | ed -s .listing.txt
pathhttp://localhost/index.php?dir=%22/pics/Wallis%22&file=
moveFrom5
moveTo4
printf '%s\n' 2m1 1-m2- w q | ed -s .listing.txt
pathhttp://localhost/index.php?dir=%22/pics/Wallis%22&file=
moveFrom4
moveTo3
printf '%s\n' 2m1 1-m2- w q | ed -s .listing.txt
pathhttp://localhost/index.php?dir=%22/pics/Wallis%22&file=
moveFrom3
moveTo2
printf '%s\n' 2m1 1-m2- w q | ed -s .listing.txt
pathhttp://localhost/index.php?dir=%22/pics/Wallis%22&file=
moveFrom2
moveTo1
printf '%s\n' 2m1 1-m2- w q | ed -s .listing.txt
printf '%s\n' 1m2 2-m1- w q | ed -s /pics/Wallis/done/.listing.txt
printf '%s\n' 2m3 3-m2- w q | ed -s /pics/Wallis/done/.listing.txt
printf '%s\n' 1m2 2-m1- w q | ed -s /pics/Wallis/done/.listing.txt
printf '%s\n' 2m1 1-m2- w q | ed -s /pics/Wallis/done/.listing.txt
printf '%s\n' 1m2 2-m1- w q | ed -s /media/Seagate/Wallis/done/.listing.txt
printf '%s\n' 2m3 3-m2- w q | ed -s /media/Seagate/Wallis/done/.listing.txt
printf '%s\n' 1m2 2-m1- w q | ed -s /media/Seagate/Wallis/done/.listing.txt
printf '%s\n' 2m3 3-m2- w q | ed -s /media/Seagate/Wallis/done/.listing.txt
printf '%s\n' 3m4 4-m3- w q | ed -s /media/Seagate/Wallis/done/.listing.txt
printf '%s\n' 4m3 3-m4- w q | ed -s /media/Seagate/Wallis/done/.listing.txt
printf '%s\n' 3m2 2-m3- w q | ed -s /media/Seagate/Wallis/done/.listing.txt
printf '%s\n' 2m1 1-m2- w q | ed -s /media/Seagate/Wallis/done/.listing.txt
printf '%s\n' 1m2 2-m1- w q | ed -s /media/Seagate/Wallis/done/.listing.txt
printf '%s\n' 2m3 3-m2- w q | ed -s /media/Seagate/Wallis/done/.listing.txt
printf '%s\n' 3m2 2-m3- w q | ed -s /media/Seagate/Wallis/done/.listing.txt
printf '%s\n' 2m1 1-m2- w q | ed -s /media/Seagate/Wallis/done/.listing.txt
printf '%s\n' 1m2 2-m1- w q | ed -s /media/Seagate/Wallis/done/.listing.txt
printf '%s\n' 2m3 3-m2- w q | ed -s /media/Seagate/Wallis/done/.listing.txt
printf '%s\n' 3m4 4-m3- w q | ed -s /media/Seagate/Wallis/done/.listing.txt
printf '%s\n' 4m5 5-m4- w q | ed -s /media/Seagate/Wallis/done/.listing.txt
printf '%s\n' 5m4 4-m5- w q | ed -s /media/Seagate/Wallis/done/.listing.txt
printf '%s\n' 4m3 3-m4- w q | ed -s /media/Seagate/Wallis/done/.listing.txt
printf '%s\n' 3m2 2-m3- w q | ed -s /media/Seagate/Wallis/done/.listing.txt
printf '%s\n' 2m1 1-m2- w q | ed -s /media/Seagate/Wallis/done/.listing.txt
printf '%s\n' 1m2 2-m1- w q | ed -s /media/Seagate/Wallis/done/.listing.txt
printf '%s\n' 2m1 1-m2- w q | ed -s /media/Seagate/Wallis/done/.listing.txt
http://localhost/index.php?dir=%22/pics/Wallis%22&file=
printf '%s\n' 1m2 2-m1- w q | ed -s /media/Seagate/Wallis/done/.listing.txt
http://localhost/index.php?dir=%22/pics/Wallis%22&file=
printf '%s\n' 2m3 3-m2- w q | ed -s /media/Seagate/Wallis/done/.listing.txt
http://localhost/index.php?dir=%22/pics/Wallis%22&file=
printf '%s\n' 3m2 2-m3- w q | ed -s /media/Seagate/Wallis/done/.listing.txt
http://localhost/index.php?dir=%22/pics/Wallis%22&file=
printf '%s\n' 1m2 2-m1- w q | ed -s /media/Seagate/Wallis/done/.listing.txt
http://localhost/index.php?dir=%22/pics/Wallis%22&file=
printf '%s\n' 2m3 3-m2- w q | ed -s /media/Seagate/Wallis/done/.listing.txt
http://localhost/index.php?dir=%22/pics/Wallis%22&file=
printf '%s\n' 1m2 2-m1- w q | ed -s http://localhost/index.php?dir=%22/pics/Wallis%22&file=.listing.txt
http://localhost/index.php?dir=%22/pics/Wallis%22&file=
printf '%s\n' 2m3 3-m2- w q | ed -s http://localhost/index.php?dir=%22/pics/Wallis%22&file=.listing.txt
http://localhost/index.php?dir=%22/pics/Wallis%22&file=
printf '%s\n' 1m2 2-m1- w q | ed -s http://localhost/index.php?dir=%22/pics/Wallis%22&file=.listing.txt
http://localhost/index.php?dir=%22/pics/Wallis%22&file=
printf '%s\n' 2m1 1-m2- w q | ed -s http://localhost/index.php?dir=%22/pics/Wallis%22&file=.listing.txt
http://localhost/index.php?dir=%22/pics/Wallis%22&file=
printf '%s\n' 1m2 2-m1- w q | ed -s http://localhost/index.php?dir=%22/pics/Wallis%22&file=.listing.txt
http://localhost/index.php?dir=%22/pics/Wallis%22&file=
printf '%s\n' 2m1 1-m2- w q | ed -s http://localhost/index.php?dir=%22/pics/Wallis%22&file=.listing.txt
http://localhost/index.php?dir=%22/pics/Wallis%22&file=
printf '%s\n' 1m2 2-m1- w q | ed -s http://localhost/index.php?dir=%22/pics/Wallis%22&file=.listing.txt
http://localhost/index.php?dir=%22/pics/Wallis%22&file=
printf '%s\n' 2m1 1-m2- w q | ed -s http://localhost/index.php?dir=%22/pics/Wallis%22&file=.listing.txt
http://localhost/index.php?dir=%22/pics/Wallis%22&file=
printf '%s\n' 1m2 2-m1- w q | ed -s http://localhost/index.php?dir=%22/pics/Wallis%22&file=.listing.txt
http://localhost/index.php?dir=%22/pics/Wallis%22&file=
printf '%s\n' 2m1 1-m2- w q | ed -s http://localhost/index.php?dir=%22/pics/Wallis%22&file=.listing.txt
http://localhost/index.php?dir=%22/pics/Wallis%22&file=
printf '%s\n' 1m2 2-m1- w q | ed -s http://localhost/index.php?dir=%22/pics/Wallis%22&file=.listing.txt
http://localhost/index.php?dir=%22/pics/Wallis%22&file=
printf '%s\n' 2m1 1-m2- w q | ed -s http://localhost/index.php?dir=%22/pics/Wallis%22&file=.listing.txt
http://localhost/index.php?dir=%22/pics/Wallis%22&file=
printf '%s\n' 1m2 2-m1- w q | ed -s http://localhost/index.php?dir=%22/pics/Wallis%22&file=.listing.txt
http://localhost/index.php?dir=%22/pics/Wallis%22&file=
printf '%s\n' 2m1 1-m2- w q | ed -s http://localhost/index.php?dir=%22/pics/Wallis%22&file=.listing.txt
http://localhost/index.php?dir=%22/pics/Wallis%22&file=
printf '%s\n' 1m2 2-m1- w q | ed -s http://localhost/index.php?dir=%22/pics/Wallis%22&file=.listing.txt
http://localhost/index.php?dir=%22/pics/Wallis%22&file=
printf '%s\n' 2m1 1-m2- w q | ed -s http://localhost/index.php?dir=%22/pics/Wallis%22&file=.listing.txt
http://localhost/index.php?dir=%22/pics/Wallis%22&file=
printf '%s\n' 1m2 2-m1- w q | ed -s http://localhost/index.php?dir=%22/pics/Wallis%22&file=.listing.txt
http://localhost/index.php?dir=%22/pics/Wallis%22&file=
printf '%s\n' 2m1 1-m2- w q | ed -s http://localhost/index.php?dir=%22/pics/Wallis%22&file=.listing.txt
http://localhost/index.php?dir=%22/pics/Wallis%22&file=
printf '%s\n' 1m2 2-m1- w q | ed -s http://localhost/index.php?dir=%22/pics/Wallis%22&file=.listing.txt
http://localhost/index.php?dir=%22/pics/Wallis%22&file=
printf '%s\n' 2m1 1-m2- w q | ed -s http://localhost/index.php?dir=%22/pics/Wallis%22&file=.listing.txt
http://localhost/index.php?dir=%22/pics/Wallis%22&file=
printf '%s\n' 1m2 2-m1- w q | ed -s http://localhost/index.php?dir=%22/pics/Wallis%22&file=.listing.txt
http://localhost/index.php?dir=%22/pics/Wallis%22&file=
printf '%s\n' 2m1 1-m2- w q | ed -s http://localhost/index.php?dir=%22/pics/Wallis%22&file=.listing.txt
http://localhost/index.php?dir=%22/pics/Wallis%22&file=
printf '%s\n' 1m2 2-m1- w q | ed -s http://localhost/index.php?dir=%22/pics/Wallis%22&file=.listing.txt
http://localhost/index.php?dir=%22/pics/Wallis%22&file=
printf '%s\n' 2m1 1-m2- w q | ed -s http://localhost/index.php?dir=%22/pics/Wallis%22&file=.listing.txt
http://localhost/index.php?dir=%22/pics/Wallis%22&file=
printf '%s\n' 1m2 2-m1- w q | ed -s http://localhost/index.php?dir=%22/pics/Wallis%22&file=.listing.txt
http://localhost/index.php?dir=%22/pics/Wallis%22&file=
printf '%s\n' 2m1 1-m2- w q | ed -s http://localhost/index.php?dir=%22/pics/Wallis%22&file=.listing.txt
http://localhost/index.php?dir=%22/pics/Wallis%22&file=
printf '%s\n' 1m2 2-m1- w q | ed -s http://localhost/index.php?dir=%22/pics/Wallis%22&file=.listing.txt
http://localhost/index.php?dir=%22/pics/Wallis%22&file=
printf '%s\n' 2m1 1-m2- w q | ed -s http://localhost/index.php?dir=%22/pics/Wallis%22&file=.listing.txt
http://localhost/index.php?dir=%22/pics/Wallis%22&file=
printf '%s\n' 1m2 2-m1- w q | ed -s http://localhost/index.php?dir=%22/pics/Wallis%22&file=.listing.txt
http://localhost/index.php?dir=%22/pics/Wallis%22&file=
printf '%s\n' 2m1 1-m2- w q | ed -s http://localhost/index.php?dir=%22/pics/Wallis%22&file=.listing.txt
http://localhost/index.php?dir=%22/pics/Wallis%22&file=
printf '%s\n' 1m2 2-m1- w q | ed -s http://localhost/index.php?dir=%22/pics/Wallis%22&file=.listing.txt
http://localhost/index.php?dir=%22/pics/Wallis%22&file=
printf '%s\n' 2m1 1-m2- w q | ed -s http://localhost/index.php?dir=%22/pics/Wallis%22&file=.listing.txt
http://localhost/index.php?dir=%22/pics/Wallis%22&file=
printf '%s\n' 1m2 2-m1- w q | ed -s http://localhost/index.php?dir=%22/pics/Wallis%22&file=.listing.txt
http://localhost/index.php?dir=%22/pics/Wallis%22&file=
printf '%s\n' 2m1 1-m2- w q | ed -s http://localhost/index.php?dir=%22/pics/Wallis%22&file=.listing.txt
http://localhost/index.php?dir=%22/pics/Wallis%22&file=
printf '%s\n' 1m2 2-m1- w q | ed -s http://localhost/index.php?dir=%22/pics/Wallis%22&file=.listing.txt
http://localhost/index.php?dir=%22/pics/Wallis%22&file=
printf '%s\n' 2m1 1-m2- w q | ed -s http://localhost/index.php?dir=%22/pics/Wallis%22&file=.listing.txt
http://localhost/index.php?dir=%22/pics/Wallis%22&file=
printf '%s\n' 1m2 2-m1- w q | ed -s http://localhost/index.php?dir=%22/pics/Wallis%22&file=.listing.txt
http://localhost/index.php?dir=%22/pics/Wallis%22&file=
printf '%s\n' 2m1 1-m2- w q | ed -s http://localhost/index.php?dir=%22/pics/Wallis%22&file=.listing.txt
http://localhost/index.php?dir=%22/pics/Wallis%22&file=
printf '%s\n' 1m2 2-m1- w q | ed -s http://localhost/index.php?dir=%22/pics/Wallis%22&file=.listing.txt
http://localhost/index.php?dir=%22/pics/Wallis%22&file=
printf '%s\n' 2m1 1-m2- w q | ed -s http://localhost/index.php?dir=%22/pics/Wallis%22&file=.listing.txt
http://localhost/index.php?dir=%22/pics/Wallis%22&file=
printf '%s\n' 1m2 2-m1- w q | ed -s http://localhost/index.php?dir=%22/pics/Wallis%22&file=.listing.txt
http://localhost/index.php?dir=%22/pics/Wallis%22&file=
printf '%s\n' 2m1 1-m2- w q | ed -s http://localhost/index.php?dir=%22/pics/Wallis%22&file=.listing.txt
http://localhost/index.php?dir=%22/pics/Wallis%22&file=
printf '%s\n' 1m2 2-m1- w q | ed -s http://localhost/index.php?dir=%22/pics/Wallis%22&file=.listing.txt
http://localhost/index.php?dir=%22/pics/Wallis%22&file=
printf '%s\n' 2m1 1-m2- w q | ed -s http://localhost/index.php?dir=%22/pics/Wallis%22&file=.listing.txt

printf '%s\n' 1m2 2-m1- w q | ed -s .listing.txt

printf '%s\n' 2m1 1-m2- w q | ed -s .listing.txt
http://localhost/index.php?dir=%22/pics/Wallis%22&file=
printf '%s\n' 1m2 2-m1- w q | ed -s http://localhost/index.php?dir=%22/pics/Wallis%22&file=.listing.txt
http://localhost/index.php?dir=%22/pics/Wallis%22&file=
printf '%s\n' 2m1 1-m2- w q | ed -s http://localhost/index.php?dir=%22/pics/Wallis%22&file=.listing.txt
http://localhost/index.php?dir=%22/pics/Wallis%22&file=
printf '%s\n' 1m2 2-m1- w q | ed -s http://localhost/index.php?dir=%22/pics/Wallis%22&file=.listing.txt
http://localhost/index.php?dir=%22/pics/Wallis%22&file=
printf '%s\n' 2m1 1-m2- w q | ed -s http://localhost/index.php?dir=%22/pics/Wallis%22&file=.listing.txt
http://localhost/index.php?dir=%22/pics/Wallis%22&file=
printf '%s\n' 1m2 2-m1- w q | ed -s http://localhost/index.php?dir=%22/pics/Wallis%22&file=.listing.txt
http://localhost/index.php?dir=%22/pics/Wallis%22&file=
printf '%s\n' 2m1 1-m2- w q | ed -s http://localhost/index.php?dir=%22/pics/Wallis%22&file=.listing.txt
http://localhost/index.php?dir=%22/pics/Wallis%22&file=
printf '%s\n' 1m2 2-m1- w q | ed -s http://localhost/index.php?dir=%22/pics/Wallis%22&file=.listing.txt
http://localhost/index.php?dir=%22/pics/Wallis%22&file=
printf '%s\n' 2m1 1-m2- w q | ed -s http://localhost/index.php?dir=%22/pics/Wallis%22&file=.listing.txt
http://localhost/index.php?dir=%22/pics/Wallis%22&file=
printf '%s\n' 1m2 2-m1- w q | ed -s http://localhost/index.php?dir=%22/pics/Wallis%22&file=.listing.txt
http://localhost/index.php?dir=%22/pics/Wallis%22&file=
printf '%s\n' 2m1 1-m2- w q | ed -s http://localhost/index.php?dir=%22/pics/Wallis%22&file=.listing.txt
http://localhost/index.php?dir=%22/pics/Wallis%22&file=
printf '%s\n' 1m2 2-m1- w q | ed -s http://localhost/index.php?dir=%22/pics/Wallis%22&file=.listing.txt
http://localhost/index.php?dir=%22/pics/Wallis%22&file=
printf '%s\n' 2m1 1-m2- w q | ed -s http://localhost/index.php?dir=%22/pics/Wallis%22&file=.listing.txt
http://localhost/index.php?dir=%22/pics/Wallis%22&file=
printf '%s\n' 1m2 2-m1- w q | ed -s http://localhost/index.php?dir=%22/pics/Wallis%22&file=.listing.txt
http://localhost/index.php?dir=%22/pics/Wallis%22&file=
printf '%s\n' 2m1 1-m2- w q | ed -s http://localhost/index.php?dir=%22/pics/Wallis%22&file=.listing.txt
http://localhost/index.php?dir=%22/pics/Wallis%22&file=
printf '%s\n' 1m2 2-m1- w q | ed -s http://localhost/index.php?dir=%22/pics/Wallis%22&file=.listing.txt
http://localhost/index.php?dir=%22/pics/Wallis%22&file=
printf '%s\n' 2m1 1-m2- w q | ed -s http://localhost/index.php?dir=%22/pics/Wallis%22&file=.listing.txt
http://localhost/index.php?dir=%22/pics/Wallis%22&file=
printf '%s\n' 1m2 2-m1- w q | ed -s http://localhost/index.php?dir=%22/pics/Wallis%22&file=.listing.txt
http://localhost/index.php?dir=%22/pics/Wallis%22&file=
printf '%s\n' 2m1 1-m2- w q | ed -s http://localhost/index.php?dir=%22/pics/Wallis%22&file=.listing.txt
http://localhost/index.php?dir=%22/pics/Wallis%22&file=
printf '%s\n' 1m2 2-m1- w q | ed -s http://localhost/index.php?dir=%22/pics/Wallis%22&file=.listing.txt
http://localhost/index.php?dir=%22/pics/Wallis%22&file=
printf '%s\n' 2m1 1-m2- w q | ed -s http://localhost/index.php?dir=%22/pics/Wallis%22&file=.listing.txt
http://localhost/index.php?dir=%22/pics/Wallis%22&file=
printf '%s\n' 1m2 2-m1- w q | ed -s http://localhost/index.php?dir=%22/pics/Wallis%22&file=.listing.txt
http://localhost/index.php?dir=%22/pics/Wallis%22&file=
printf '%s\n' 2m1 1-m2- w q | ed -s http://localhost/index.php?dir=%22/pics/Wallis%22&file=.listing.txt
http://localhost/index.php?dir=%22/pics/Wallis%22&file=
printf '%s\n' 1m2 2-m1- w q | ed -s http://localhost/index.php?dir=%22/pics/Wallis%22&file=.listing.txt
http://localhost/index.php?dir=%22/pics/Wallis%22&file=
printf '%s\n' 2m1 1-m2- w q | ed -s http://localhost/index.php?dir=%22/pics/Wallis%22&file=.listing.txt
http://localhost/index.php?dir=%22/pics/Wallis%22&file=
printf '%s\n' 1m2 2-m1- w q | ed -s http://localhost/index.php?dir=%22/pics/Wallis%22&file=.listing.txt
http://localhost/index.php?dir=%22/pics/Wallis%22&file=
printf '%s\n' 2m1 1-m2- w q | ed -s http://localhost/index.php?dir=%22/pics/Wallis%22&file=.listing.txt
http://localhost/index.php?dir=%22/pics/Wallis%22&file=
printf '%s\n' 1m2 2-m1- w q | ed -s http://localhost/index.php?dir=%22/pics/Wallis%22&file=.listing.txt
http://localhost/index.php?dir=%22/pics/Wallis%22&file=
printf '%s\n' 2m1 1-m2- w q | ed -s http://localhost/index.php?dir=%22/pics/Wallis%22&file=.listing.txt
http://localhost/index.php?dir=%22/pics/Wallis%22&file=
printf '%s\n' 1m2 2-m1- w q | ed -s http://localhost/index.php?dir=%22/pics/Wallis%22&file=.listing.txt
http://localhost/index.php?dir=%22/pics/Wallis%22&file=
printf '%s\n' 2m1 1-m2- w q | ed -s http://localhost/index.php?dir=%22/pics/Wallis%22&file=.listing.txt
http://localhost/index.php?dir=%22/pics/Wallis%22&file=
printf '%s\n' 1m2 2-m1- w q | ed -s http://localhost/index.php?dir=%22/pics/Wallis%22&file=.listing.txt
http://localhost/index.php?dir=%22/pics/Wallis%22&file=
printf '%s\n' 2m1 1-m2- w q | ed -s http://localhost/index.php?dir=%22/pics/Wallis%22&file=.listing.txt
http://localhost/index.php?dir=%22/pics/Wallis%22&file=
printf '%s\n' 1m2 2-m1- w q | ed -s http://localhost/index.php?dir=%22/pics/Wallis%22&file=.listing.txt
http://localhost/index.php?dir=%22/pics/Wallis%22&file=
printf '%s\n' 2m1 1-m2- w q | ed -s http://localhost/index.php?dir=%22/pics/Wallis%22&file=.listing.txt
http://localhost/index.php?dir=%22/pics/Wallis%22&file=
printf '%s\n' 1m2 2-m1- w q | ed -s http://localhost/index.php?dir=%22/pics/Wallis%22&file=.listing.txt
http://localhost/index.php?dir=%22/pics/Wallis%22&file=
printf '%s\n' 2m1 1-m2- w q | ed -s http://localhost/index.php?dir=%22/pics/Wallis%22&file=.listing.txt
http://localhost/index.php?dir=%22/pics/Wallis%22&file=
printf '%s\n' 1m2 2-m1- w q | ed -s http://localhost/index.php?dir=%22/pics/Wallis%22&file=.listing.txt
http://localhost/index.php?dir=%22/pics/Wallis%22&file=
printf '%s\n' 2m1 1-m2- w q | ed -s http://localhost/index.php?dir=%22/pics/Wallis%22&file=.listing.txt
http://localhost/index.php?dir=%22/pics/Wallis%22&file=
printf '%s\n' 1m2 2-m1- w q | ed -s http://localhost/index.php?dir=%22/pics/Wallis%22&file=.listing.txt
http://localhost/index.php?dir=%22/pics/Wallis%22&file=
printf '%s\n' 2m1 1-m2- w q | ed -s http://localhost/index.php?dir=%22/pics/Wallis%22&file=.listing.txt
http://localhost/index.php?dir=%22/pics/Wallis%22&file=
printf '%s\n' 1m2 2-m1- w q | ed -s http://localhost/index.php?dir=%22/pics/Wallis%22&file=.listing.txt
http://localhost/index.php?dir=%22/pics/Wallis%22&file=
printf '%s\n' 2m1 1-m2- w q | ed -s http://localhost/index.php?dir=%22/pics/Wallis%22&file=.listing.txt
http://localhost/index.php?dir=%22/pics/Wallis%22&file=
printf '%s\n' 1m2 2-m1- w q | ed -s http://localhost/index.php?dir=%22/pics/Wallis%22&file=.listing.txt
http://localhost/index.php?dir=%22/pics/Wallis%22&file=
printf '%s\n' 2m1 1-m2- w q | ed -s http://localhost/index.php?dir=%22/pics/Wallis%22&file=.listing.txt
http://localhost/index.php?dir=%22/pics/Wallis%22&file=
printf '%s\n' 1m2 2-m1- w q | ed -s http://localhost/index.php?dir=%22/pics/Wallis%22&file=.listing.txt
http://localhost/index.php?dir=%22/pics/Wallis%22&file=
printf '%s\n' 2m1 1-m2- w q | ed -s http://localhost/index.php?dir=%22/pics/Wallis%22&file=.listing.txt
http://localhost/index.php?dir=%22/pics/Wallis%22&file=
printf '%s\n' 1m2 2-m1- w q | ed -s http://localhost/index.php?dir=%22/pics/Wallis%22&file=.listing.txt
http://localhost/index.php?dir=%22/pics/Wallis%22&file=
printf '%s\n' 2m1 1-m2- w q | ed -s http://localhost/index.php?dir=%22/pics/Wallis%22&file=.listing.txt
http://localhost/index.php?dir=%22/pics/Wallis%22&file=
printf '%s\n' 1m2 2-m1- w q | ed -s http://localhost/index.php?dir=%22/pics/Wallis%22&file=.listing.txt
http://localhost/index.php?dir=%22/pics/Wallis%22&file=
printf '%s\n' 2m1 1-m2- w q | ed -s http://localhost/index.php?dir=%22/pics/Wallis%22&file=.listing.txt
http://localhost/index.php?dir=%22/pics/Wallis%22&file=
printf '%s\n' 1m2 2-m1- w q | ed -s http://localhost/index.php?dir=%22/pics/Wallis%22&file=.listing.txt
http://localhost/index.php?dir=%22/pics/Wallis%22&file=
printf '%s\n' 2m1 1-m2- w q | ed -s http://localhost/index.php?dir=%22/pics/Wallis%22&file=.listing.txt
http://localhost/index.php?dir=%22/pics/Wallis%22&file=
printf '%s\n' 1m2 2-m1- w q | ed -s http://localhost/index.php?dir=%22/pics/Wallis%22&file=.listing.txt
http://localhost/index.php?dir=%22/pics/Wallis%22&file=
printf '%s\n' 2m1 1-m2- w q | ed -s http://localhost/index.php?dir=%22/pics/Wallis%22&file=.listing.txt
http://localhost/index.php?dir=%22/pics/Wallis%22&file=
printf '%s\n' 1m2 2-m1- w q | ed -s http://localhost/index.php?dir=%22/pics/Wallis%22&file=.listing.txt
http://localhost/index.php?dir=%22/pics/Wallis%22&file=
printf '%s\n' 2m1 1-m2- w q | ed -s http://localhost/index.php?dir=%22/pics/Wallis%22&file=.listing.txt
http://localhost/index.php?dir=%22/pics/Wallis%22&file=
printf '%s\n' 1m2 2-m1- w q | ed -s http://localhost/index.php?dir=%22/pics/Wallis%22&file=.listing.txt
http://localhost/index.php?dir=%22/pics/Wallis%22&file=
printf '%s\n' 2m1 1-m2- w q | ed -s http://localhost/index.php?dir=%22/pics/Wallis%22&file=.listing.txt
http://localhost/index.php?dir=%22/pics/Wallis%22&file=
printf '%s\n' 1m2 2-m1- w q | ed -s http://localhost/index.php?dir=%22/pics/Wallis%22&file=.listing.txt
http://localhost/index.php?dir=%22/pics/Wallis%22&file=
printf '%s\n' 2m1 1-m2- w q | ed -s http://localhost/index.php?dir=%22/pics/Wallis%22&file=.listing.txt
http://localhost/index.php?dir=%22/pics/Wallis%22&file=
printf '%s\n' 1m2 2-m1- w q | ed -s http://localhost/index.php?dir=%22/pics/Wallis%22&file=.listing.txt
http://localhost/index.php?dir=%22/pics/Wallis%22&file=
printf '%s\n' 2m1 1-m2- w q | ed -s http://localhost/index.php?dir=%22/pics/Wallis%22&file=.listing.txt
http://localhost/index.php?dir=%22/pics/Wallis%22&file=
printf '%s\n' 1m2 2-m1- w q | ed -s http://localhost/index.php?dir=%22/pics/Wallis%22&file=.listing.txt
http://localhost/index.php?dir=%22/pics/Wallis%22&file=
printf '%s\n' 2m1 1-m2- w q | ed -s http://localhost/index.php?dir=%22/pics/Wallis%22&file=.listing.txt
http://localhost/index.php?dir=%22/pics/Wallis%22&file=
printf '%s\n' 1m2 2-m1- w q | ed -s http://localhost/index.php?dir=%22/pics/Wallis%22&file=.listing.txt
http://localhost/index.php?dir=%22/pics/Wallis%22&file=
printf '%s\n' 2m1 1-m2- w q | ed -s http://localhost/index.php?dir=%22/pics/Wallis%22&file=.listing.txt
http://localhost/index.php?dir=%22/pics/Wallis%22&file=
printf '%s\n' 1m2 2-m1- w q | ed -s http://localhost/index.php?dir=%22/pics/Wallis%22&file=.listing.txt
http://localhost/index.php?dir=%22/pics/Wallis%22&file=
printf '%s\n' 2m1 1-m2- w q | ed -s http://localhost/index.php?dir=%22/pics/Wallis%22&file=.listing.txt
http://localhost/index.php?dir=%22/pics/Wallis%22&file=
printf '%s\n' 1m2 2-m1- w q | ed -s http://localhost/index.php?dir=%22/pics/Wallis%22&file=.listing.txt
http://localhost/index.php?dir=%22/pics/Wallis%22&file=
printf '%s\n' 2m1 1-m2- w q | ed -s http://localhost/index.php?dir=%22/pics/Wallis%22&file=.listing.txt
http://localhost/index.php?dir=%22/pics/Wallis%22&file=
printf '%s\n' 1m2 2-m1- w q | ed -s http://localhost/index.php?dir=%22/pics/Wallis%22&file=.listing.txt
http://localhost/index.php?dir=%22/pics/Wallis%22&file=
printf '%s\n' 2m1 1-m2- w q | ed -s http://localhost/index.php?dir=%22/pics/Wallis%22&file=.listing.txt
http://localhost/index.php?dir=%22/pics/Wallis%22&file=
printf '%s\n' 1m2 2-m1- w q | ed -s http://localhost/index.php?dir=%22/pics/Wallis%22&file=.listing.txt
http://localhost/index.php?dir=%22/pics/Wallis%22&file=
printf '%s\n' 2m1 1-m2- w q | ed -s http://localhost/index.php?dir=%22/pics/Wallis%22&file=.listing.txt
http://localhost/index.php?dir=%22/pics/Wallis%22&file=
printf '%s\n' 1m2 2-m1- w q | ed -s http://localhost/index.php?dir=%22/pics/Wallis%22&file=.listing.txt
http://localhost/index.php?dir=%22/pics/Wallis%22&file=
printf '%s\n' 2m1 1-m2- w q | ed -s http://localhost/index.php?dir=%22/pics/Wallis%22&file=.listing.txt
http://localhost/index.php?dir=%22/pics/Wallis%22&file=
printf '%s\n' 1m2 2-m1- w q | ed -s http://localhost/index.php?dir=%22/pics/Wallis%22&file=.listing.txt
http://localhost/index.php?dir=%22/pics/Wallis%22&file=
printf '%s\n' 2m1 1-m2- w q | ed -s http://localhost/index.php?dir=%22/pics/Wallis%22&file=.listing.txt
http://localhost/index.php?dir=%22/pics/Wallis%22&file=
printf '%s\n' 1m2 2-m1- w q | ed -s http://localhost/index.php?dir=%22/pics/Wallis%22&file=.listing.txt
http://localhost/index.php?dir=%22/pics/Wallis%22&file=
printf '%s\n' 2m1 1-m2- w q | ed -s http://localhost/index.php?dir=%22/pics/Wallis%22&file=.listing.txt
http://localhost/index.php?dir=%22/pics/Wallis%22&file=
printf '%s\n' 1m2 2-m1- w q | ed -s http://localhost/index.php?dir=%22/pics/Wallis%22&file=.listing.txt
http://localhost/index.php?dir=%22/pics/Wallis%22&file=
printf '%s\n' 2m1 1-m2- w q | ed -s http://localhost/index.php?dir=%22/pics/Wallis%22&file=.listing.txt
http://localhost/index.php?dir=%22/pics/Wallis%22&file=
printf '%s\n' 1m2 2-m1- w q | ed -s http://localhost/index.php?dir=%22/pics/Wallis%22&file=.listing.txt
http://localhost/index.php?dir=%22/pics/Wallis%22&file=
printf '%s\n' 2m1 1-m2- w q | ed -s http://localhost/index.php?dir=%22/pics/Wallis%22&file=.listing.txt
http://localhost/index.php?dir=%22/pics/Wallis%22&file=
printf '%s\n' 1m2 2-m1- w q | ed -s http://localhost/index.php?dir=%22/pics/Wallis%22&file=.listing.txt
http://localhost/index.php?dir=%22/pics/Wallis%22&file=
printf '%s\n' 2m1 1-m2- w q | ed -s http://localhost/index.php?dir=%22/pics/Wallis%22&file=.listing.txt
http://localhost/index.php?dir=%22/pics/Wallis%22&file=
printf '%s\n' 1m2 2-m1- w q | ed -s http://localhost/index.php?dir=%22/pics/Wallis%22&file=.listing.txt
http://localhost/index.php?dir=%22/pics/Wallis%22&file=
printf '%s\n' 2m1 1-m2- w q | ed -s http://localhost/index.php?dir=%22/pics/Wallis%22&file=.listing.txt
http://localhost/index.php?dir=%22/pics/Wallis%22&file=
printf '%s\n' 1m2 2-m1- w q | ed -s http://localhost/index.php?dir=%22/pics/Wallis%22&file=.listing.txt
http://localhost/index.php?dir=%22/pics/Wallis%22&file=
printf '%s\n' 2m1 1-m2- w q | ed -s http://localhost/index.php?dir=%22/pics/Wallis%22&file=.listing.txt
http://localhost/index.php?dir=%22/pics/Wallis%22&file=
printf '%s\n' 1m2 2-m1- w q | ed -s http://localhost/index.php?dir=%22/pics/Wallis%22&file=.listing.txt
http://localhost/index.php?dir=%22/pics/Wallis%22&file=
printf '%s\n' 2m1 1-m2- w q | ed -s http://localhost/index.php?dir=%22/pics/Wallis%22&file=.listing.txt
http://localhost/index.php?dir=%22/pics/Wallis%22&file=
printf '%s\n' 1m2 2-m1- w q | ed -s http://localhost/index.php?dir=%22/pics/Wallis%22&file=.listing.txt
http://localhost/index.php?dir=%22/pics/Wallis%22&file=
printf '%s\n' 2m1 1-m2- w q | ed -s http://localhost/index.php?dir=%22/pics/Wallis%22&file=.listing.txt
http://localhost/index.php?dir=%22/pics/Wallis%22&file=
printf '%s\n' 1m2 2-m1- w q | ed -s http://localhost/index.php?dir=%22/pics/Wallis%22&file=.listing.txt
http://localhost/index.php?dir=%22/pics/Wallis%22&file=
printf '%s\n' 2m1 1-m2- w q | ed -s http://localhost/index.php?dir=%22/pics/Wallis%22&file=.listing.txt
http://localhost/index.php?dir=%22/pics/Wallis%22&file=
printf '%s\n' 1m2 2-m1- w q | ed -s http://localhost/index.php?dir=%22/pics/Wallis%22&file=.listing.txt
http://localhost/index.php?dir=%22/pics/Wallis%22&file=
printf '%s\n' 2m1 1-m2- w q | ed -s http://localhost/index.php?dir=%22/pics/Wallis%22&file=.listing.txt
http://localhost/index.php?dir=%22/pics/Wallis%22&file=
printf '%s\n' 1m2 2-m1- w q | ed -s http://localhost/index.php?dir=%22/pics/Wallis%22&file=.listing.txt
http://localhost/index.php?dir=%22/pics/Wallis%22&file=
printf '%s\n' 2m1 1-m2- w q | ed -s http://localhost/index.php?dir=%22/pics/Wallis%22&file=.listing.txt
http://localhost/index.php?dir=%22/pics/Wallis%22&file=
printf '%s\n' 1m2 2-m1- w q | ed -s http://localhost/index.php?dir=%22/pics/Wallis%22&file=.listing.txt
http://localhost/index.php?dir=%22/pics/Wallis%22&file=
printf '%s\n' 2m1 1-m2- w q | ed -s http://localhost/index.php?dir=%22/pics/Wallis%22&file=.listing.txt
http://localhost/index.php?dir=%22/pics/Wallis%22&file=
printf '%s\n' 1m2 2-m1- w q | ed -s http://localhost/index.php?dir=%22/pics/Wallis%22&file=.listing.txt
http://localhost/index.php?dir=%22/pics/Wallis%22&file=
printf '%s\n' 2m1 1-m2- w q | ed -s http://localhost/index.php?dir=%22/pics/Wallis%22&file=.listing.txt
http://localhost/index.php?dir=%22/pics/Wallis%22&file=
printf '%s\n' 1m2 2-m1- w q | ed -s http://localhost/index.php?dir=%22/pics/Wallis%22&file=.listing.txt
http://localhost/index.php?dir=%22/pics/Wallis%22&file=
printf '%s\n' 2m1 1-m2- w q | ed -s http://localhost/index.php?dir=%22/pics/Wallis%22&file=.listing.txt
http://localhost/index.php?dir=%22/pics/Wallis%22&file=
printf '%s\n' 1m2 2-m1- w q | ed -s http://localhost/index.php?dir=%22/pics/Wallis%22&file=.listing.txt
http://localhost/index.php?dir=%22/pics/Wallis%22&file=
printf '%s\n' 2m1 1-m2- w q | ed -s http://localhost/index.php?dir=%22/pics/Wallis%22&file=.listing.txt
http://localhost/index.php?dir=%22/pics/Wallis%22&file=
printf '%s\n' 1m2 2-m1- w q | ed -s http://localhost/index.php?dir=%22/pics/Wallis%22&file=.listing.txt
http://localhost/index.php?dir=%22/pics/Wallis%22&file=
printf '%s\n' 2m1 1-m2- w q | ed -s http://localhost/index.php?dir=%22/pics/Wallis%22&file=.listing.txt
http://localhost/index.php?dir=%22/pics/Wallis%22&file=
printf '%s\n' 1m2 2-m1- w q | ed -s http://localhost/index.php?dir=%22/pics/Wallis%22&file=.listing.txt
http://localhost/index.php?dir=%22/pics/Wallis%22&file=
printf '%s\n' 2m1 1-m2- w q | ed -s http://localhost/index.php?dir=%22/pics/Wallis%22&file=.listing.txt
http://localhost/index.php?dir=%22/pics/Wallis%22&file=
printf '%s\n' 1m2 2-m1- w q | ed -s http://localhost/index.php?dir=%22/pics/Wallis%22&file=.listing.txt
http://localhost/index.php?dir=%22/pics/Wallis%22&file=
printf '%s\n' 2m1 1-m2- w q | ed -s http://localhost/index.php?dir=%22/pics/Wallis%22&file=.listing.txt
http://localhost/index.php?dir=%22/pics/Wallis%22&file=
printf '%s\n' 1m2 2-m1- w q | ed -s http://localhost/index.php?dir=%22/pics/Wallis%22&file=.listing.txt
http://localhost/index.php?dir=%22/pics/Wallis%22&file=
printf '%s\n' 2m1 1-m2- w q | ed -s http://localhost/index.php?dir=%22/pics/Wallis%22&file=.listing.txt
http://localhost/index.php?dir=%22/pics/Wallis%22&file=
printf '%s\n' 1m2 2-m1- w q | ed -s http://localhost/index.php?dir=%22/pics/Wallis%22&file=.listing.txt
http://localhost/index.php?dir=%22/pics/Wallis%22&file=
printf '%s\n' 2m1 1-m2- w q | ed -s http://localhost/index.php?dir=%22/pics/Wallis%22&file=.listing.txt
http://localhost/index.php?dir=%22/pics/Wallis%22&file=
printf '%s\n' 1m2 2-m1- w q | ed -s http://localhost/index.php?dir=%22/pics/Wallis%22&file=.listing.txt
http://localhost/index.php?dir=%22/pics/Wallis%22&file=
printf '%s\n' 2m3 3-m2- w q | ed -s http://localhost/index.php?dir=%22/pics/Wallis%22&file=.listing.txt
http://localhost/index.php?dir=%22/pics/Wallis%22&file=
printf '%s\n' 3m2 2-m3- w q | ed -s http://localhost/index.php?dir=%22/pics/Wallis%22&file=.listing.txt
http://localhost/index.php?dir=%22/pics/Wallis%22&file=
printf '%s\n' 2m1 1-m2- w q | ed -s http://localhost/index.php?dir=%22/pics/Wallis%22&file=.listing.txt
http://localhost/index.php?dir=%22/pics/Wallis%22&file=
printf '%s\n' 1m2 2-m1- w q | ed -s http://localhost/index.php?dir=%22/pics/Wallis%22&file=.listing.txt
http://localhost/index.php?dir=%22/pics/Wallis%22&file=
printf '%s\n' 1m2 2-m1- w q | ed -s http://localhost/index.php?dir=%22/pics/Wallis%22&file=.listing.txt
http://localhost/index.php?dir=%22/pics/Wallis%22&file=
printf '%s\n' 2m1 1-m2- w q | ed -s http://localhost/index.php?dir=%22/pics/Wallis%22&file=.listing.txt
http://localhost/index.php?dir=%22/pics/Wallis%22&file=
printf '%s\n' 1m2 2-m1- w q | ed -s http://localhost/index.php?dir=%22/pics/Wallis%22&file=.listing.txt
http://localhost/index.php?dir=%22/pics/Wallis%22&file=
printf '%s\n' 1m2 2-m1- w q | ed -s http://localhost/index.php?dir=%22/pics/Wallis%22&file=.listing.txt
http://localhost/index.php?dir=%22/pics/Wallis%22&file=
printf '%s\n' 2m1 1-m2- w q | ed -s http://localhost/index.php?dir=%22/pics/Wallis%22&file=.listing.txt
http://localhost/index.php?dir=%22/pics/Wallis%22&file=
printf '%s\n' 1m2 2-m1- w q | ed -s http://localhost/index.php?dir=%22/pics/Wallis%22&file=.listing.txt
http://localhost/index.php?dir=%22/pics/Wallis%22&file=
printf '%s\n' 1m2 2-m1- w q | ed -s http://localhost/index.php?dir=%22/pics/Wallis%22&file=.listing.txt
http://localhost/index.php?dir=%22/pics/Wallis%22&file=
printf '%s\n' 2m3 3-m2- w q | ed -s http://localhost/index.php?dir=%22/pics/Wallis%22&file=.listing.txt
http://localhost/index.php?dir=%22/pics/Wallis%22&file=
printf '%s\n' 3m4 4-m3- w q | ed -s http://localhost/index.php?dir=%22/pics/Wallis%22&file=.listing.txt
http://localhost/index.php?dir=%22/pics/Wallis%22&file=
printf '%s\n' 1m2 2-m1- w q | ed -s http://localhost/index.php?dir=%22/pics/Wallis%22&file=.listing.txt
http://localhost/index.php?dir=%22/pics/Wallis%22&file=
printf '%s\n' 2m3 3-m2- w q | ed -s http://localhost/index.php?dir=%22/pics/Wallis%22&file=.listing.txt
http://localhost/index.php?dir=%22/pics/Wallis%22&file=
printf '%s\n' 1m2 2-m1- w q | ed -s http://localhost/index.php?dir=%22/pics/Wallis%22&file=.listing.txt
http://localhost/index.php?dir=%22/pics/Wallis%22&file=
printf '%s\n' 2m3 3-m2- w q | ed -s http://localhost/index.php?dir=%22/pics/Wallis%22&file=.listing.txt
http://localhost/index.php?dir=%22/pics/Wallis%22&file=
printf '%s\n' 3m4 4-m3- w q | ed -s http://localhost/index.php?dir=%22/pics/Wallis%22&file=.listing.txt
http://localhost/index.php?dir=%22/pics/Wallis%22&file=
printf '%s\n' 1m2 2-m1- w q | ed -s http://localhost/index.php?dir=%22/pics/Wallis%22&file=.listing.txt
http://localhost/index.php?dir=%22/pics/Wallis%22&file=
printf '%s\n' 2m3 3-m2- w q | ed -s http://localhost/index.php?dir=%22/pics/Wallis%22&file=.listing.txt
http://localhost/index.php?dir=%22/pics/Wallis%22&file=
printf '%s\n' 1m2 2-m1- w q | ed -s http://localhost/index.php?dir=%22/pics/Wallis%22&file=.listing.txt
http://localhost/index.php?dir=%22/pics/Wallis%22&file=
printf '%s\n' 2m3 3-m2- w q | ed -s http://localhost/index.php?dir=%22/pics/Wallis%22&file=.listing.txt
http://localhost/index.php?dir=%22/pics/Wallis%22&file=
printf '%s\n' 3m4 4-m3- w q | ed -s http://localhost/index.php?dir=%22/pics/Wallis%22&file=.listing.txt
/pics/Wallis
printf '%s\n' 1m2 2-m1- w q | ed -s /pics/Wallis.listing.txt
/pics/Wallis
printf '%s\n' 2m3 3-m2- w q | ed -s /pics/Wallis.listing.txt
/pics/Wallis/
printf '%s\n' 1m2 2-m1- w q | ed -s /pics/Wallis/.listing.txt
/pics/Wallis/
printf '%s\n' 2m3 3-m2- w q | ed -s /pics/Wallis/.listing.txt
/pics/Wallis/
printf '%s\n' 3m2 2-m3- w q | ed -s /pics/Wallis/.listing.txt
/pics/Wallis/
printf '%s\n' 2m3 3-m2- w q | ed -s /pics/Wallis/.listing.txt
/pics/Wallis/
printf '%s\n' 3m4 4-m3- w q | ed -s /pics/Wallis/.listing.txt
/pics/Wallis/
printf '%s\n' 4m5 5-m4- w q | ed -s /pics/Wallis/.listing.txt
/pics/Wallis/
printf '%s\n' 5m6 6-m5- w q | ed -s /pics/Wallis/.listing.txt
/pics/Wallis/
printf '%s\n' 6m7 7-m6- w q | ed -s /pics/Wallis/.listing.txt
/pics/Wallis/
printf '%s\n' 7m6 6-m7- w q | ed -s /pics/Wallis/.listing.txt
/pics/Wallis/
printf '%s\n' 6m5 5-m6- w q | ed -s /pics/Wallis/.listing.txt
/pics/Wallis/
printf '%s\n' 5m4 4-m5- w q | ed -s /pics/Wallis/.listing.txt
/pics/Wallis/
printf '%s\n' 4m3 3-m4- w q | ed -s /pics/Wallis/.listing.txt
Wallis/
printf '%s\n' 1m2 2-m1- w q | ed -s Wallis/.listing.txt
Wallis/
printf '%s\n' 2m3 3-m2- w q | ed -s Wallis/.listing.txt
Wallis/
printf '%s\n' 3m2 2-m3- w q | ed -s Wallis/.listing.txt
../Wallis/
printf '%s\n' 1m2 2-m1- w q | ed -s ../Wallis/.listing.txt
../Wallis/
printf '%s\n' 2m3 3-m2- w q | ed -s ../Wallis/.listing.txt
../Wallis/
printf '%s\n' 3m2 2-m3- w q | ed -s ../Wallis/.listing.txt
../Wallis/
printf '%s\n' 2m3 3-m2- w q | ed -s ../Wallis/.listing.txt
../Wallis/
printf '%s\n' 3m4 4-m3- w q | ed -s ../Wallis/.listing.txt
../Wallis/
printf '%s\n' 4m5 5-m4- w q | ed -s ../Wallis/.listing.txt
../Wallis/
printf '%s\n' 5m6 6-m5- w q | ed -s ../Wallis/.listing.txt
../Wallis/
printf '%s\n' 6m7 7-m6- w q | ed -s ../Wallis/.listing.txt
../Wallis/
printf '%s\n' 7m8 8-m7- w q | ed -s ../Wallis/.listing.txt
../Wallis/
printf '%s\n' 8m9 9-m8- w q | ed -s ../Wallis/.listing.txt
../Wallis/
printf '%s\n' 9m10 10-m9- w q | ed -s ../Wallis/.listing.txt
../Wallis/
printf '%s\n' 10m11 11-m10- w q | ed -s ../Wallis/.listing.txt
../Wallis/
printf '%s\n' 11m12 12-m11- w q | ed -s ../Wallis/.listing.txt
../Wallis/
printf '%s\n' 12m11 11-m12- w q | ed -s ../Wallis/.listing.txt
../Wallis/
printf '%s\n' 11m10 10-m11- w q | ed -s ../Wallis/.listing.txt
../Wallis/
printf '%s\n' 10m9 9-m10- w q | ed -s ../Wallis/.listing.txt
../Wallis/
printf '%s\n' 9m8 8-m9- w q | ed -s ../Wallis/.listing.txt
../Wallis/
printf '%s\n' 8m7 7-m8- w q | ed -s ../Wallis/.listing.txt
../Wallis/
printf '%s\n' 7m6 6-m7- w q | ed -s ../Wallis/.listing.txt
../Wallis/
printf '%s\n' 6m5 5-m6- w q | ed -s ../Wallis/.listing.txt
../Wallis/
printf '%s\n' 5m4 4-m5- w q | ed -s ../Wallis/.listing.txt
../Wallis/
printf '%s\n' 4m3 3-m4- w q | ed -s ../Wallis/.listing.txt
printf '%s\n' 3m4 4-m3- w q | ed -s ../Wallis/.listing.txt
printf '%s\n' 4m5 5-m4- w q | ed -s ../Wallis/.listing.txt
printf '%s\n' 5m6 6-m5- w q | ed -s ../Wallis/.listing.txt
printf '%s\n' 6m7 7-m6- w q | ed -s ../Wallis/.listing.txt
printf '%s\n' 7m8 8-m7- w q | ed -s ../Wallis/.listing.txt
printf '%s\n' 8m7 7-m8- w q | ed -s ../Wallis/.listing.txt
printf '%s\n' 1m2 2-m1- w q | ed -s ../Wallis/.listing.txt
printf '%s\n' 2m3 3-m2- w q | ed -s ../Wallis/.listing.txt
printf '%s\n' 3m4 4-m3- w q | ed -s ../Wallis/.listing.txt
printf '%s\n' 4m5 5-m4- w q | ed -s ../Wallis/.listing.txt
printf '%s\n' 5m6 6-m5- w q | ed -s ../Wallis/.listing.txt
printf '%s\n' 6m1 1-m6- w q | ed -s ../Wallis/.listing.txt
printf '%s\n' 1m2 2-m1- w q | ed -s ../Wallis/.listing.txt
printf '%s\n' 2m3 3-m2- w q | ed -s ../Wallis/.listing.txt
printf '%s\n' 3m4 4-m3- w q | ed -s ../Wallis/.listing.txt
printf '%s\n' 4m5 5-m4- w q | ed -s ../Wallis/.listing.txt
printf '%s\n' 5m6 6-m5- w q | ed -s ../Wallis/.listing.txt
printf '%s\n' 6m5 5-m6- w q | ed -s ../Wallis/.listing.txt
printf '%s\n' 5m4 4-m5- w q | ed -s ../Wallis/.listing.txt
printf '%s\n' 4m3 3-m4- w q | ed -s ../Wallis/.listing.txt
printf '%s\n' 3m2 2-m3- w q | ed -s ../Wallis/.listing.txt
printf '%s\n' 2m1 1-m2- w q | ed -s ../Wallis/.listing.txt
printf '%s\n' 1m2 2-m1- w q | ed -s ../Wallis/.listing.txt
printf '%s\n' 2m3 3-m2- w q | ed -s ../Wallis/.listing.txt
printf '%s\n' 3m4 4-m3- w q | ed -s ../Wallis/.listing.txt
printf '%s\n' 4m5 5-m4- w q | ed -s ../Wallis/.listing.txt
printf '%s\n' 5m6 6-m5- w q | ed -s ../Wallis/.listing.txt
printf '%s\n' 6m7 7-m6- w q | ed -s ../Wallis/.listing.txt
printf '%s\n' 7m8 8-m7- w q | ed -s ../Wallis/.listing.txt
printf '%s\n' 8m9 9-m8- w q | ed -s ../Wallis/.listing.txt
printf '%s\n' 9m10 10-m9- w q | ed -s ../Wallis/.listing.txt
printf '%s\n' 10m11 11-m10- w q | ed -s ../Wallis/.listing.txt
printf '%s\n' 11m12 12-m11- w q | ed -s ../Wallis/.listing.txt
printf '%s\n' 12m13 13-m12- w q | ed -s ../Wallis/.listing.txt
printf '%s\n' 13m14 14-m13- w q | ed -s ../Wallis/.listing.txt
printf '%s\n' 14m13 13-m14- w q | ed -s ../Wallis/.listing.txt
printf '%s\n' 13m12 12-m13- w q | ed -s ../Wallis/.listing.txt
printf '%s\n' 12m11 11-m12- w q | ed -s ../Wallis/.listing.txt
printf '%s\n' 11m10 10-m11- w q | ed -s ../Wallis/.listing.txt
printf '%s\n' 10m9 9-m10- w q | ed -s ../Wallis/.listing.txt
printf '%s\n' 9m8 8-m9- w q | ed -s ../Wallis/.listing.txt
printf '%s\n' 8m7 7-m8- w q | ed -s ../Wallis/.listing.txt
printf '%s\n' 7m6 6-m7- w q | ed -s ../Wallis/.listing.txt
printf '%s\n' 6m5 5-m6- w q | ed -s ../Wallis/.listing.txt
printf '%s\n' 5m4 4-m5- w q | ed -s ../Wallis/.listing.txt
printf '%s\n' 4m3 3-m4- w q | ed -s ../Wallis/.listing.txt
printf '%s\n' 3m2 2-m3- w q | ed -s ../Wallis/.listing.txt
printf '%s\n' 2m1 1-m2- w q | ed -s ../Wallis/.listing.txt
printf '%s\n' 1m2 2-m1- w q | ed -s ../Wallis/.listing.txt
printf '%s\n' 2m3 3-m2- w q | ed -s ../Wallis/.listing.txt
printf '%s\n' 3m4 4-m3- w q | ed -s ../Wallis/.listing.txt
printf '%s\n' 4m5 5-m4- w q | ed -s ../Wallis/.listing.txt
printf '%s\n' 5m6 6-m5- w q | ed -s ../Wallis/.listing.txt
printf '%s\n' 6m7 7-m6- w q | ed -s ../Wallis/.listing.txt
printf '%s\n' 7m8 8-m7- w q | ed -s ../Wallis/.listing.txt
printf '%s\n' 8m9 9-m8- w q | ed -s ../Wallis/.listing.txt
printf '%s\n' 9m10 10-m9- w q | ed -s ../Wallis/.listing.txt
printf '%s\n' 10m11 11-m10- w q | ed -s ../Wallis/.listing.txt
printf '%s\n' 11m12 12-m11- w q | ed -s ../Wallis/.listing.txt
printf '%s\n' 12m13 13-m12- w q | ed -s ../Wallis/.listing.txt
printf '%s\n' 13m14 14-m13- w q | ed -s ../Wallis/.listing.txt
printf '%s\n' 14m13 13-m14- w q | ed -s ../Wallis/.listing.txt
printf '%s\n' 13m12 12-m13- w q | ed -s ../Wallis/.listing.txt
printf '%s\n' 12m11 11-m12- w q | ed -s ../Wallis/.listing.txt
printf '%s\n' 11m10 10-m11- w q | ed -s ../Wallis/.listing.txt
printf '%s\n' 10m9 9-m10- w q | ed -s ../Wallis/.listing.txt
printf '%s\n' 9m8 8-m9- w q | ed -s ../Wallis/.listing.txt
printf '%s\n' 8m7 7-m8- w q | ed -s ../Wallis/.listing.txt
printf '%s\n' 7m6 6-m7- w q | ed -s ../Wallis/.listing.txt
printf '%s\n' 6m5 5-m6- w q | ed -s ../Wallis/.listing.txt
printf '%s\n' 5m4 4-m5- w q | ed -s ../Wallis/.listing.txt
printf '%s\n' 4m3 3-m4- w q | ed -s ../Wallis/.listing.txt
printf '%s\n' 1m2 2-m1- w q | ed -s ../Wallis/.listing.txt
printf '%s\n' 2m3 3-m2- w q | ed -s ../Wallis/.listing.txt
printf '%s\n' 3m4 4-m3- w q | ed -s ../Wallis/.listing.txt
printf '%s\n' 4m5 5-m4- w q | ed -s ../Wallis/.listing.txt
printf '%s\n' 5m6 6-m5- w q | ed -s ../Wallis/.listing.txt
printf '%s\n' 6m7 7-m6- w q | ed -s ../Wallis/.listing.txt
printf '%s\n' 7m8 8-m7- w q | ed -s ../Wallis/.listing.txt
printf '%s\n' 8m9 9-m8- w q | ed -s ../Wallis/.listing.txt
printf '%s\n' 9m10 10-m9- w q | ed -s ../Wallis/.listing.txt
printf '%s\n' 10m11 11-m10- w q | ed -s ../Wallis/.listing.txt
printf '%s\n' 11m12 12-m11- w q | ed -s ../Wallis/.listing.txt
printf '%s\n' 12m13 13-m12- w q | ed -s ../Wallis/.listing.txt
printf '%s\n' 13m14 14-m13- w q | ed -s ../Wallis/.listing.txt
printf '%s\n' 14m13 13-m14- w q | ed -s ../Wallis/.listing.txt
printf '%s\n' 13m12 12-m13- w q | ed -s ../Wallis/.listing.txt
printf '%s\n' 12m11 11-m12- w q | ed -s ../Wallis/.listing.txt
printf '%s\n' 11m10 10-m11- w q | ed -s ../Wallis/.listing.txt
printf '%s\n' 10m9 9-m10- w q | ed -s ../Wallis/.listing.txt
printf '%s\n' 9m8 8-m9- w q | ed -s ../Wallis/.listing.txt
printf '%s\n' 8m7 7-m8- w q | ed -s ../Wallis/.listing.txt
printf '%s\n' 7m6 6-m7- w q | ed -s ../Wallis/.listing.txt
printf '%s\n' 6m5 5-m6- w q | ed -s ../Wallis/.listing.txt
printf '%s\n' 5m4 4-m5- w q | ed -s ../Wallis/.listing.txt
printf '%s\n' 4m3 3-m4- w q | ed -s ../Wallis/.listing.txt
printf '%s\n' 3m4 4-m3- w q | ed -s ../Wallis/.listing.txt
printf '%s\n' 4m5 5-m4- w q | ed -s ../Wallis/.listing.txt
printf '%s\n' 5m6 6-m5- w q | ed -s ../Wallis/.listing.txt
printf '%s\n' 6m5 5-m6- w q | ed -s ../Wallis/.listing.txt
printf '%s\n' 5m4 4-m5- w q | ed -s ../Wallis/.listing.txt
printf '%s\n' 4m3 3-m4- w q | ed -s ../Wallis/.listing.txt
printf '%s\n' 3m2 2-m3- w q | ed -s ../Wallis/.listing.txt
printf '%s\n' 2m1 1-m2- w q | ed -s ../Wallis/.listing.txt
printf '%s\n' 1m2 2-m1- w q | ed -s ../Wallis/.listing.txt
printf '%s\n' 2m3 3-m2- w q | ed -s ../Wallis/.listing.txt
printf '%s\n' 3m4 4-m3- w q | ed -s ../Wallis/.listing.txt
printf '%s\n' 4m5 5-m4- w q | ed -s ../Wallis/.listing.txt
printf '%s\n' 5m4 4-m5- w q | ed -s ../Wallis/.listing.txt
printf '%s\n' 4m3 3-m4- w q | ed -s ../Wallis/.listing.txt
printf '%s\n' 1m2 2-m1- w q | ed -s ../Wallis/.listing.txt
printf '%s\n' 2m1 1-m2- w q | ed -s ../Wallis/.listing.txt
printf '%s\n' 2m1 1-m2- w q | ed -s ../Wallis/.listing.txt
printf '%s\n' 3m2 2-m3- w q | ed -s ../Wallis/.listing.txt
printf '%s\n' 6m5 5-m6- w q | ed -s ../Wallis/.listing.txt
printf '%s\n' 5m4 4-m5- w q | ed -s ../Wallis/.listing.txt
printf '%s\n' 4m3 3-m4- w q | ed -s ../Wallis/.listing.txt
printf '%s\n' 3m2 2-m3- w q | ed -s ../Wallis/.listing.txt
printf '%s\n' 2m3 3-m2- w q | ed -s ../Wallis/.listing.txt
printf '%s\n' 3m2 2-m3- w q | ed -s ../Wallis/.listing.txt
printf '%s\n' 1m0 0-m1- w q | ed -s ../Wallis/.listing.txt
printf '%s\n' 2m1 1-m2- w q | ed -s ../Wallis/.listing.txt
printf '%s\n' 3m2 2-m3- w q | ed -s ../Wallis/.listing.txt
printf '%s\n' 2m1 1-m2- w q | ed -s ../Wallis/.listing.txt
printf '%s\n' 3m2 2-m3- w q | ed -s ../Wallis/.listing.txt
printf '%s\n' 2m1 1-m2- w q | ed -s ../Wallis/.listing.txt
printf '%s\n' 3m2 2-m3- w q | ed -s ../Wallis/.listing.txt
printf '%s\n' 4m3 3-m4- w q | ed -s ../Wallis/.listing.txt
printf '%s\n' 6m5 5-m6- w q | ed -s ../Wallis/.listing.txt
printf '%s\n' 5m4 4-m5- w q | ed -s ../Wallis/.listing.txt
printf '%s\n' 10m9 9-m10- w q | ed -s ../Wallis/.listing.txt
printf '%s\n' 9m8 8-m9- w q | ed -s ../Wallis/.listing.txt
printf '%s\n' 8m7 7-m8- w q | ed -s ../Wallis/.listing.txt
printf '%s\n' 7m6 6-m7- w q | ed -s ../Wallis/.listing.txt
printf '%s\n' 6m5 5-m6- w q | ed -s ../Wallis/.listing.txt
printf '%s\n' 5m4 4-m5- w q | ed -s ../Wallis/.listing.txt
printf '%s\n' 4m3 3-m4- w q | ed -s ../Wallis/.listing.txt
printf '%s\n' 3m2 2-m3- w q | ed -s ../Wallis/.listing.txt
printf '%s\n' 3m2 2-m3- w q | ed -s ../Grunzen/.listing.txt
printf '%s\n' 2m3 3-m2- w q | ed -s ../Grunzen/.listing.txt
printf '%s\n' 3m2 2-m3- w q | ed -s ../Grunzen/.listing.txt
printf '%s\n' 3m2 2-m3- w q | ed -s ../Grunzen/.listing.txt
printf '%s\n' 3m2 2-m3- w q | ed -s ../Grunzen/.listing.txt
printf '%s\n' 2m3 3-m2- w q | ed -s ../Grunzen/.listing.txt
printf '%s\n' 3m2 2-m3- w q | ed -s ../Grunzen/.listing.txt
printf '%s\n' 2m3 3-m2- w q | ed -s ../Grunzen/.listing.txt
printf '%s\n' 3m2 2-m3- w q | ed -s ../Grunzen/.listing.txt
printf '%s\n' 4m3 3-m4- w q | ed -s ../Grunzen/.listing.txt
printf '%s\n' 3m2 2-m3- w q | ed -s ../Grunzen/.listing.txt
printf '%s\n' 3m2 2-m3- w q | ed -s ../Grunzen/.listing.txt
printf '%s\n' 2m3 3-m2- w q | ed -s ../Grunzen/.listing.txt
printf '%s\n' 3m2 2-m3- w q | ed -s ../Grunzen/.listing.txt
printf '%s\n' 3m2 2-m3- w q | ed -s ../Grunzen/.listing.txt
printf '%s\n' 3m2 2-m3- w q | ed -s ../Grunzen/.listing.txt
printf '%s\n' 2m3 3-m2- w q | ed -s ../Grunzen/.listing.txt
printf '%s\n' 3m4 4-m3- w q | ed -s ../Grunzen/.listing.txt
printf '%s\n' 4m3 3-m4- w q | ed -s ../Grunzen/.listing.txt
printf '%s\n' 3m2 2-m3- w q | ed -s ../Grunzen/.listing.txt
printf '%s\n' 2m3 3-m2- w q | ed -s ../Grunzen/.listing.txt
printf '%s\n' 3m2 2-m3- w q | ed -s ../Grunzen/.listing.txt
printf '%s\n' 2m3 3-m2- w q | ed -s ../Grunzen/.listing.txt
printf '%s\n' 3m4 4-m3- w q | ed -s ../Grunzen/.listing.txt
printf '%s\n' 4m5 5-m4- w q | ed -s ../Grunzen/.listing.txt
printf '%s\n' 5m4 4-m5- w q | ed -s ../Grunzen/.listing.txt
printf '%s\n' 4m3 3-m4- w q | ed -s ../Grunzen/.listing.txt
printf '%s\n' 3m2 2-m3- w q | ed -s ../Grunzen/.listing.txt
printf '%s\n' 2m3 3-m2- w q | ed -s ../Grunzen/.listing.txt
printf '%s\n' 3m4 4-m3- w q | ed -s ../Grunzen/.listing.txt
printf '%s\n' 4m5 5-m4- w q | ed -s ../Grunzen/.listing.txt
printf '%s\n' 3m2 2-m3- w q | ed -s ../Grunzen/.listing.txt
printf '%s\n' 2m3 3-m2- w q | ed -s ../Grunzen/.listing.txt
printf '%s\n' 3m4 4-m3- w q | ed -s ../Grunzen/.listing.txt
printf '%s\n' 4m5 5-m4- w q | ed -s ../Grunzen/.listing.txt
printf '%s\n' 5m4 4-m5- w q | ed -s ../Grunzen/.listing.txt
printf '%s\n' 4m3 3-m4- w q | ed -s ../Grunzen/.listing.txt
printf '%s\n' 3m2 2-m3- w q | ed -s ../Grunzen/.listing.txt
printf '%s\n' 2m3 3-m2- w q | ed -s ../Grunzen/.listing.txt
printf '%s\n' 3m4 4-m3- w q | ed -s ../Grunzen/.listing.txt
printf '%s\n' 4m5 5-m4- w q | ed -s ../Grunzen/.listing.txt
printf '%s\n' 5m4 4-m5- w q | ed -s ../Grunzen/.listing.txt
printf '%s\n' 4m3 3-m4- w q | ed -s ../Grunzen/.listing.txt
printf '%s\n' 3m2 2-m3- w q | ed -s ../Grunzen/.listing.txt
printf '%s\n' 3m2 2-m3- w q | ed -s ../Grunzen/.listing.txt
printf '%s\n' 3m2 2-m3- w q | ed -s ../Grunzen/.listing.txt
printf '%s\n' 3m2 2-m3- w q | ed -s ../Grunzen/.listing.txt
printf '%s\n' 3m2 2-m3- w q | ed -s ../Grunzen/.listing.txt
printf '%s\n' 3m2 2-m3- w q | ed -s ../Grunzen/.listing.txt
printf '%s\n' 3m2 2-m3- w q | ed -s ../Grunzen/.listing.txt
printf '%s\n' 3m2 2-m3- w q | ed -s ../Grunzen/.listing.txt
printf '%s\n' 3m2 2-m3- w q | ed -s ../Grunzen/.listing.txt
printf '%s\n' 2m3 3-m2- w q | ed -s ../Grunzen/.listing.txt
printf '%s\n' 3m2 2-m3- w q | ed -s ../Grunzen/.listing.txt
printf '%s\n' 3m2 2-m3- w q | ed -s ../Grunzen/.listing.txt
printf '%s\n' 2m3 3-m2- w q | ed -s ../Grunzen/.listing.txt
printf '%s\n' 3m2 2-m3- w q | ed -s ../Grunzen/.listing.txt
printf '%s\n' 3m2 2-m3- w q | ed -s ../Grunzen/.listing.txt
printf '%s\n' 3m2 2-m3- w q | ed -s ../Grunzen/.listing.txt
printf '%s\n' 3m2 2-m3- w q | ed -s ../Grunzen/.listing.txt
printf '%s\n' 2m3 3-m2- w q | ed -s ../Grunzen/.listing.txt
printf '%s\n' 3m2 2-m3- w q | ed -s ../Grunzen/.listing.txt
printf '%s\n' 2m3 3-m2- w q | ed -s ../Grunzen/.listing.txt
printf '%s\n' 3m2 2-m3- w q | ed -s ../Grunzen/.listing.txt
printf '%s\n' 2m3 3-m2- w q | ed -s ../Grunzen/.listing.txt
printf '%s\n' 3m2 2-m3- w q | ed -s ../Grunzen/.listing.txt
printf '%s\n' 2m3 3-m2- w q | ed -s ../Grunzen/.listing.txt
printf '%s\n' 2m3 3-m2- w q | ed -s ../Grunzen/.listing.txt
printf '%s\n' 3m4 4-m3- w q | ed -s ../Grunzen/.listing.txt
printf '%s\n' 4m5 5-m4- w q | ed -s ../Grunzen/.listing.txt
printf '%s\n' 3m2 2-m3- w q | ed -s ../Grunzen/.listing.txt
printf '%s\n' 2m3 3-m2- w q | ed -s ../Grunzen/.listing.txt
